1509896517.715955 client started (7167): socket /private/tmp/tmux-501/default, protocol 8
1509896517.716010 on Darwin 16.7.0 Darwin Kernel Version 16.7.0: Thu Jun 15 17:36:27 PDT 2017; root:xnu-3789.70.16~2/RELEASE_X86_64; libevent 2.0.22-stable (poll)
1509896517.716093 socket is /private/tmp/tmux-501/default
1509896517.716117 trying connect
1509896517.716228 add peer 0x7fb35681e000: 6 (0x0)
1509896517.717973 sending message 100 to peer 0x7fb35681e000 (4 bytes)
1509896517.717997 sending message 101 to peer 0x7fb35681e000 (15 bytes)
1509896517.718007 sending message 102 to peer 0x7fb35681e000 (13 bytes)
1509896517.718015 sending message 108 to peer 0x7fb35681e000 (23 bytes)
1509896517.718036 sending message 104 to peer 0x7fb35681e000 (0 bytes)
1509896517.718045 sending message 107 to peer 0x7fb35681e000 (4 bytes)
1509896517.718053 sending message 105 to peer 0x7fb35681e000 (278 bytes)
1509896517.718061 sending message 105 to peer 0x7fb35681e000 (61 bytes)
1509896517.718069 sending message 105 to peer 0x7fb35681e000 (25 bytes)
1509896517.718076 sending message 105 to peer 0x7fb35681e000 (23 bytes)
1509896517.718084 sending message 105 to peer 0x7fb35681e000 (30 bytes)
1509896517.718091 sending message 105 to peer 0x7fb35681e000 (28 bytes)
1509896517.718098 sending message 105 to peer 0x7fb35681e000 (21 bytes)
1509896517.718106 sending message 105 to peer 0x7fb35681e000 (20 bytes)
1509896517.718114 sending message 105 to peer 0x7fb35681e000 (16 bytes)
1509896517.718121 sending message 105 to peer 0x7fb35681e000 (16 bytes)
1509896517.718128 sending message 105 to peer 0x7fb35681e000 (11 bytes)
1509896517.718136 sending message 105 to peer 0x7fb35681e000 (57 bytes)
1509896517.718143 sending message 105 to peer 0x7fb35681e000 (57 bytes)
1509896517.718151 sending message 105 to peer 0x7fb35681e000 (76 bytes)
1509896517.718158 sending message 105 to peer 0x7fb35681e000 (27 bytes)
1509896517.718165 sending message 105 to peer 0x7fb35681e000 (21 bytes)
1509896517.718173 sending message 105 to peer 0x7fb35681e000 (60 bytes)
1509896517.718180 sending message 105 to peer 0x7fb35681e000 (19 bytes)
1509896517.718187 sending message 105 to peer 0x7fb35681e000 (26 bytes)
1509896517.718195 sending message 105 to peer 0x7fb35681e000 (20 bytes)
1509896517.718202 sending message 105 to peer 0x7fb35681e000 (11 bytes)
1509896517.718209 sending message 105 to peer 0x7fb35681e000 (20 bytes)
1509896517.718217 sending message 105 to peer 0x7fb35681e000 (66 bytes)
1509896517.718224 sending message 105 to peer 0x7fb35681e000 (38 bytes)
1509896517.718231 sending message 105 to peer 0x7fb35681e000 (31 bytes)
1509896517.718238 sending message 105 to peer 0x7fb35681e000 (32 bytes)
1509896517.718246 sending message 105 to peer 0x7fb35681e000 (351 bytes)
1509896517.718253 sending message 105 to peer 0x7fb35681e000 (46 bytes)
1509896517.718261 sending message 105 to peer 0x7fb35681e000 (27 bytes)
1509896517.718268 sending message 105 to peer 0x7fb35681e000 (67 bytes)
1509896517.718275 sending message 105 to peer 0x7fb35681e000 (11 bytes)
1509896517.718282 sending message 105 to peer 0x7fb35681e000 (11 bytes)
1509896517.718289 sending message 105 to peer 0x7fb35681e000 (22 bytes)
1509896517.718297 sending message 105 to peer 0x7fb35681e000 (14 bytes)
1509896517.718304 sending message 105 to peer 0x7fb35681e000 (33 bytes)
1509896517.718311 sending message 105 to peer 0x7fb35681e000 (19 bytes)
1509896517.718319 sending message 105 to peer 0x7fb35681e000 (17 bytes)
1509896517.718326 sending message 105 to peer 0x7fb35681e000 (8 bytes)
1509896517.718333 sending message 105 to peer 0x7fb35681e000 (18 bytes)
1509896517.718341 sending message 105 to peer 0x7fb35681e000 (15 bytes)
1509896517.718348 sending message 105 to peer 0x7fb35681e000 (61 bytes)
1509896517.718355 sending message 105 to peer 0x7fb35681e000 (14 bytes)
1509896517.718363 sending message 105 to peer 0x7fb35681e000 (28 bytes)
1509896517.718370 sending message 105 to peer 0x7fb35681e000 (51 bytes)
1509896517.718377 sending message 105 to peer 0x7fb35681e000 (42 bytes)
1509896517.718384 sending message 105 to peer 0x7fb35681e000 (42 bytes)
1509896517.718404 sending message 105 to peer 0x7fb35681e000 (106 bytes)
1509896517.718412 sending message 105 to peer 0x7fb35681e000 (22 bytes)
1509896517.718420 sending message 105 to peer 0x7fb35681e000 (21 bytes)
1509896517.718427 sending message 105 to peer 0x7fb35681e000 (20 bytes)
1509896517.718434 sending message 105 to peer 0x7fb35681e000 (22 bytes)
1509896517.718441 sending message 105 to peer 0x7fb35681e000 (20 bytes)
1509896517.718449 sending message 106 to peer 0x7fb35681e000 (0 bytes)
1509896517.718460 sending message 200 to peer 0x7fb35681e000 (4 bytes)
1509896517.718468 client loop enter
1509896517.722134 peer 0x7fb35681e000 message 207
1509896517.722147 sending message 208 to peer 0x7fb35681e000 (0 bytes)
1509896524.039532 peer 0x7fb35681e000 message 203
1509896524.039565 sending message 205 to peer 0x7fb35681e000 (0 bytes)
1509896524.040035 peer 0x7fb35681e000 message 204
1509896524.040061 client loop exit
